<?xml version="1.0" encoding="UTF-8"?>
<!-- Generated by org.testng.reporters.JUnitReportReporter -->
<testsuite skipped="0" hostname="DESKTOP-FA3JEC3" name="com.prasanthi.SeleniumTests.MavenDemo" tests="3" failures="0" timestamp="02 Jan 2020 17:37:56 GMT" time="0.009" errors="0">
  <testcase name="Test2" time="0.007" classname="com.prasanthi.SeleniumTests.MavenDemo"/>
  <testcase name="Test1" time="0.001" classname="com.prasanthi.SeleniumTests.MavenDemo"/>
  <testcase name="Test3" time="0.001" classname="com.prasanthi.SeleniumTests.MavenDemo"/>
</testsuite> <!-- com.prasanthi.SeleniumTests.MavenDemo -->
