<?xml version="1.0" encoding="UTF-8"?>
<!-- Generated by org.testng.reporters.JUnitReportReporter -->
<testsuite skipped="0" hostname="DESKTOP-FA3JEC3" name="com.prasanthi.SeleniumTests.MyTables" tests="1" failures="0" timestamp="2020-01-04T12:14:58 CST" time="7.717" errors="0">
  <testcase name="Test10" time="7.717" classname="com.prasanthi.SeleniumTests.MyTables"/>
</testsuite> <!-- com.prasanthi.SeleniumTests.MyTables -->
